--- Copying files at Fri Jul 11 18:48:52 UTC 2025
INSTALLED plugins/configuration-as-code.jpi : 1971.vf9280461ea_89
INSTALLED plugins/github.jpi : 1.43.0
INSTALLED plugins/pipeline-milestone-step.jpi : 138.v78ca_76831a_43
INSTALLED plugins/workflow-basic-steps.jpi : 1079.vce64b_a_929c5a_
INSTALLED plugins/workflow-cps.jpi : 4151.v5406e29e3c90
INSTALLED plugins/jjwt-api.jpi : 0.11.5-120.v0268cf544b_89
INSTALLED plugins/cloudbees-folder.jpi : 6.1036.vb_94fd035b_287
INSTALLED plugins/blueocean-config.jpi : 1.27.21
INSTALLED plugins/pubsub-light.jpi : 1.19
INSTALLED plugins/blueocean-git-pipeline.jpi : 1.27.21
INSTALLED plugins/echarts-api.jpi : 5.6.0-5
INSTALLED plugins/docker-commons.jpi : 457.v0f62a_94f11a_3
INSTALLED plugins/credentials.jpi : 1415.v831096eb_5534
INSTALLED plugins/caffeine-api.jpi : 3.2.0-166.v72a_6d74b_870f
INSTALLED plugins/pipeline-input-step.jpi : 527.vd61b_1d3c5078
INSTALLED plugins/prism-api.jpi : 1.30.0-1
INSTALLED plugins/workflow-aggregator.jpi : 608.v67378e9d3db_1
INSTALLED plugins/pipeline-build-step.jpi : 571.v08a_fffd4b_0ce
INSTALLED plugins/sse-gateway.jpi : 1.28
INSTALLED plugins/blueocean-i18n.jpi : 1.27.21
INSTALLED plugins/jquery3-api.jpi : 3.7.1-3
INSTALLED plugins/cloudbees-bitbucket-branch-source.jpi : 936.4.3
INSTALLED plugins/matrix-project.jpi : 849.v0cd64ed7e531
INSTALLED plugins/jackson2-api.jpi : 2.19.0-404.vb_b_0fd2fea_e10
INSTALLED plugins/blueocean-web.jpi : 1.27.21
INSTALLED plugins/pipeline-model-extensions.jpi : 2.2255.v56a_15e805f12
INSTALLED plugins/bootstrap5-api.jpi : 5.3.7-1
INSTALLED plugins/apache-httpcomponents-client-4-api.jpi : 4.5.14-269.vfa_2321039a_83
INSTALLED plugins/ssh-credentials.jpi : 359.v2191c4cf635f
INSTALLED plugins/blueocean-personalization.jpi : 1.27.21
INSTALLED plugins/plugin-util-api.jpi : 6.1.0
INSTALLED plugins/display-url-api.jpi : 2.209.v582ed814ff2f
INSTALLED plugins/commons-text-api.jpi : 1.13.1-176.v74d88f22034b_
INSTALLED plugins/workflow-durable-task-step.jpi : 1434.v1b_595c29ddd7
INSTALLED plugins/workflow-job.jpi : 1540.v295eccc9778f
INSTALLED plugins/github-api.jpi : 1.321-488.v9b_c0da_9533f8
INSTALLED plugins/bouncycastle-api.jpi : 2.30.1.80-261.v00c0e2618ec3
INSTALLED plugins/workflow-scm-step.jpi : 437.v05a_f66b_e5ef8
INSTALLED plugins/blueocean-bitbucket-pipeline.jpi : 1.27.21
INSTALLED plugins/authentication-tokens.jpi : 1.131.v7199556c3004
INSTALLED plugins/handy-uri-templates-2-api.jpi : 2.1.8-36.v85e4cb_234a_13
INSTALLED plugins/mina-sshd-api-core.jpi : 2.15.0-161.vb_200831a_c15b_
INSTALLED plugins/commons-compress-api.jpi : 1.27.1-3
INSTALLED plugins/pipeline-graph-analysis.jpi : 241.vc3d48fb_b_2582
INSTALLED plugins/scm-api.jpi : 704.v3ce5c542825a_
INSTALLED plugins/checks-api.jpi : 373.vfe7645102093
INSTALLED plugins/blueocean-events.jpi : 1.27.21
INSTALLED plugins/pipeline-stage-step.jpi : 322.vecffa_99f371c
INSTALLED plugins/snakeyaml-api.jpi : 2.3-125.v4d77857a_b_402
INSTALLED plugins/antisamy-markup-formatter.jpi : 173.v680e3a_b_69ff3
INSTALLED plugins/instance-identity.jpi : 203.v15e81a_1b_7a_38
INSTALLED plugins/mailer.jpi : 509.vc54d23fc427e
INSTALLED plugins/git.jpi : 5.7.0
INSTALLED plugins/jakarta-activation-api.jpi : 2.1.3-2
INSTALLED plugins/junit.jpi : 1335.v6b_a_a_e18534e1
INSTALLED plugins/pipeline-stage-tags-metadata.jpi : 2.2255.v56a_15e805f12
INSTALLED plugins/blueocean-jwt.jpi : 1.27.21
INSTALLED plugins/github-branch-source.jpi : 1824.v046257273408
INSTALLED plugins/htmlpublisher.jpi : 427
INSTALLED plugins/durable-task.jpi : 587.v84b_877235b_45
INSTALLED plugins/git-client.jpi : 6.2.0
INSTALLED plugins/blueocean-commons.jpi : 1.27.21
INSTALLED plugins/plain-credentials.jpi : 199.v9f8e1f741799
INSTALLED plugins/blueocean-pipeline-api-impl.jpi : 1.27.21
INSTALLED plugins/okhttp-api.jpi : 4.11.0-189.v976fa_d3379d6
INSTALLED plugins/font-awesome-api.jpi : 6.7.2-1
INSTALLED plugins/blueocean-rest-impl.jpi : 1.27.21
INSTALLED plugins/pipeline-model-api.jpi : 2.2255.v56a_15e805f12
INSTALLED plugins/mina-sshd-api-common.jpi : 2.15.0-161.vb_200831a_c15b_
INSTALLED plugins/structs.jpi : 350.v3b_30f09f2363
INSTALLED plugins/workflow-support.jpi : 968.v8f17397e87b_8
INSTALLED plugins/workflow-step-api.jpi : 704.ve4f0967e98fa_
INSTALLED plugins/docker-workflow.jpi : 621.va_73f881d9232
INSTALLED plugins/workflow-api.jpi : 1373.v7b_813f10efa_b_
INSTALLED plugins/json-path-api.jpi : 2.9.0-148.v22a_7ffe323ce
INSTALLED plugins/blueocean-github-pipeline.jpi : 1.27.21
INSTALLED plugins/job-dsl.jpi : 1.93
INSTALLED plugins/pipeline-model-definition.jpi : 2.2255.v56a_15e805f12
INSTALLED plugins/blueocean-display-url.jpi : 2.4.4
INSTALLED plugins/asm-api.jpi : 9.8-135.vb_2239d08ee90
INSTALLED plugins/pipeline-groovy-lib.jpi : 752.vdddedf804e72
INSTALLED plugins/commons-lang3-api.jpi : 3.17.0-87.v5cf526e63b_8b_
INSTALLED plugins/ionicons-api.jpi : 88.va_4187cb_eddf1
INSTALLED plugins/variant.jpi : 70.va_d9f17f859e0
INSTALLED plugins/jenkins-design-language.jpi : 1.27.21
INSTALLED plugins/workflow-multibranch.jpi : 806.vb_b_688f609ee9
INSTALLED plugins/script-security.jpi : 1373.vb_b_4a_a_c26fa_00
INSTALLED plugins/blueocean-pipeline-scm-api.jpi : 1.27.21
INSTALLED plugins/pipeline-utility-steps.jpi : 2.19.0
INSTALLED plugins/blueocean-rest.jpi : 1.27.21
INSTALLED plugins/timestamper.jpi : 1.30
INSTALLED plugins/apache-httpcomponents-client-5-api.jpi : 5.5-150.veb_76e719855b_
INSTALLED plugins/jakarta-mail-api.jpi : 2.1.3-2
INSTALLED plugins/blueocean-pipeline-editor.jpi : 1.27.21
INSTALLED plugins/matrix-auth.jpi : 3.2.6
INSTALLED plugins/joda-time-api.jpi : 2.14.0-127.v7d9da_295a_d51
INSTALLED plugins/token-macro.jpi : 444.v52de7e9c573d
INSTALLED plugins/blueocean-dashboard.jpi : 1.27.21
INSTALLED plugins/blueocean-core-js.jpi : 1.27.21
INSTALLED plugins/favorite.jpi : 2.237.v79163ca_8b_892
INSTALLED plugins/json-api.jpi : 20250517-153.vc8a_a_d87c0ce3
INSTALLED plugins/javax-activation-api.jpi : 1.2.0-8
INSTALLED plugins/jaxb.jpi : 2.3.9-133.vb_ec76a_73f706
INSTALLED plugins/credentials-binding.jpi : 696.v256688029804
INSTALLED plugins/gson-api.jpi : 2.13.1-139.v4569c2ef303f
INSTALLED plugins/branch-api.jpi : 2.1233.vfb_6b_2b_3ed499
INSTALLED plugins/blueocean.jpi : 1.27.21
--- Copied files finished at Fri Jul 11 18:48:58 UTC 2025
--- Copying files at Fri Jul 11 19:08:14 UTC 2025
--- Copied files finished at Fri Jul 11 19:08:19 UTC 2025
--- Copying files at Fri Jul 11 19:27:46 UTC 2025
--- Copied files finished at Fri Jul 11 19:27:48 UTC 2025
--- Copying files at Fri Jul 11 20:02:21 UTC 2025
--- Copied files finished at Fri Jul 11 20:02:23 UTC 2025
--- Copying files at Fri Jul 11 22:04:06 UTC 2025
--- Copied files finished at Fri Jul 11 22:04:11 UTC 2025
--- Copying files at Sat Jul 12 00:15:42 UTC 2025
--- Copied files finished at Sat Jul 12 00:15:44 UTC 2025
--- Copying files at Sat Jul 12 02:12:24 UTC 2025
--- Copied files finished at Sat Jul 12 02:12:27 UTC 2025
--- Copying files at Sat Jul 12 02:39:07 UTC 2025
--- Copied files finished at Sat Jul 12 02:39:10 UTC 2025
--- Copying files at Sat Jul 12 03:06:58 UTC 2025
UPGRADED plugins/commons-lang3-api.jpi : Image version (3.18.0-98.v3a_674c06072d) is newer than installed version (3.17.0-87.v5cf526e63b_8b_)
--- Copied files finished at Sat Jul 12 03:07:03 UTC 2025
--- Copying files at Sat Jul 12 19:03:26 UTC 2025
--- Copied files finished at Sat Jul 12 19:03:27 UTC 2025
--- Copying files at Sat Jul 12 20:25:52 UTC 2025
--- Copied files finished at Sat Jul 12 20:25:56 UTC 2025
--- Copying files at Sat Jul 12 20:26:52 UTC 2025
--- Copied files finished at Sat Jul 12 20:26:54 UTC 2025
--- Copying files at Sun Jul 13 00:01:05 UTC 2025
--- Copied files finished at Sun Jul 13 00:01:07 UTC 2025
--- Copying files at Sun Jul 13 01:19:12 UTC 2025
--- Copied files finished at Sun Jul 13 01:19:17 UTC 2025
